<?xml version="1.0" encoding="UTF-8"?>
<testng-results skipped="0" failed="1" total="4" passed="3">
  <reporter-output>
  </reporter-output>
  <suite name="My Hub Spot App Test automation regression suite" duration-ms="32745" started-at="2020-05-22T19:41:57Z" finished-at="2020-05-22T19:42:30Z">
    <groups>
    </groups>
    <test name="Hub Spot functional test" duration-ms="32745" started-at="2020-05-22T19:41:57Z" finished-at="2020-05-22T19:42:30Z">
      <class name="TestNGSession.HomePageTest">
        <test-method status="PASS" signature="setUp()[pri:0, instance:TestNGSession.HomePageTest@4501b7af]" name="setUp" is-config="true" duration-ms="4161" started-at="2020-05-23T01:12:09Z" finished-at="2020-05-23T01:12:13Z">
          <reporter-output>
          </reporter-output>
        </test-method> <!-- setUp -->
        <test-method status="PASS" signature="verifyHomePageTitleTest()[pri:1, instance:TestNGSession.HomePageTest@4501b7af]" name="verifyHomePageTitleTest" duration-ms="2" started-at="2020-05-23T01:12:13Z" finished-at="2020-05-23T01:12:13Z">
          <reporter-output>
          </reporter-output>
        </test-method> <!-- verifyHomePageTitleTest -->
        <test-method status="PASS" signature="tearDown()[pri:0, instance:TestNGSession.HomePageTest@4501b7af]" name="tearDown" is-config="true" duration-ms="665" started-at="2020-05-23T01:12:13Z" finished-at="2020-05-23T01:12:14Z">
          <reporter-output>
          </reporter-output>
        </test-method> <!-- tearDown -->
      </class> <!-- TestNGSession.HomePageTest -->
      <class name="TestNGSession.LoginPageTest">
        <test-method status="PASS" signature="setUp()[pri:0, instance:TestNGSession.LoginPageTest@28d25987]" name="setUp" is-config="true" duration-ms="5280" started-at="2020-05-23T01:11:58Z" finished-at="2020-05-23T01:12:03Z">
          <reporter-output>
          </reporter-output>
        </test-method> <!-- setUp -->
        <test-method status="PASS" signature="verifySignUpLinkTest()[pri:1, instance:TestNGSession.LoginPageTest@28d25987]" name="verifySignUpLinkTest" duration-ms="5405" started-at="2020-05-23T01:12:03Z" finished-at="2020-05-23T01:12:08Z">
          <reporter-output>
          </reporter-output>
        </test-method> <!-- verifySignUpLinkTest -->
        <test-method status="PASS" signature="tearDown()[pri:0, instance:TestNGSession.LoginPageTest@28d25987]" name="tearDown" is-config="true" duration-ms="859" started-at="2020-05-23T01:12:08Z" finished-at="2020-05-23T01:12:09Z">
          <reporter-output>
          </reporter-output>
        </test-method> <!-- tearDown -->
        <test-method status="PASS" signature="setUp()[pri:0, instance:TestNGSession.LoginPageTest@28d25987]" name="setUp" is-config="true" duration-ms="4214" started-at="2020-05-23T01:12:14Z" finished-at="2020-05-23T01:12:18Z">
          <reporter-output>
          </reporter-output>
        </test-method> <!-- setUp -->
        <test-method status="FAIL" signature="verifyLoginPageTitleTest()[pri:2, instance:TestNGSession.LoginPageTest@28d25987]" name="verifyLoginPageTitleTest" duration-ms="21" started-at="2020-05-23T01:12:18Z" finished-at="2020-05-23T01:12:18Z">
          <exception class="java.lang.AssertionError">
            <message>
              <![CDATA[expected [HubSpot Login] but found [Checking browser]]]>
            </message>
            <full-stacktrace>
              <![CDATA[java.lang.AssertionError: expected [HubSpot Login] but found [Checking browser]
	at org.testng.Assert.fail(Assert.java:94)
	at org.testng.Assert.failNotEquals(Assert.java:513)
	at org.testng.Assert.assertEqualsImpl(Assert.java:135)
	at org.testng.Assert.assertEquals(Assert.java:116)
	at org.testng.Assert.assertEquals(Assert.java:190)
	at org.testng.Assert.assertEquals(Assert.java:200)
	at TestNGSession.LoginPageTest.verifyLoginPageTitleTest(LoginPageTest.java:15)
	at sun.reflect.NativeMethodAccessorImpl.invoke0(Native Method)
	at sun.reflect.NativeMethodAccessorImpl.invoke(NativeMethodAccessorImpl.java:62)
	at sun.reflect.DelegatingMethodAccessorImpl.invoke(DelegatingMethodAccessorImpl.java:43)
	at java.lang.reflect.Method.invoke(Method.java:498)
	at org.testng.internal.MethodInvocationHelper.invokeMethod(MethodInvocationHelper.java:100)
	at org.testng.internal.Invoker.invokeMethod(Invoker.java:646)
	at org.testng.internal.Invoker.invokeTestMethod(Invoker.java:811)
	at org.testng.internal.Invoker.invokeTestMethods(Invoker.java:1137)
	at org.testng.internal.TestMethodWorker.invokeTestMethods(TestMethodWorker.java:129)
	at org.testng.internal.TestMethodWorker.run(TestMethodWorker.java:112)
	at org.testng.TestRunner.privateRun(TestRunner.java:753)
	at org.testng.TestRunner.run(TestRunner.java:607)
	at org.testng.SuiteRunner.runTest(SuiteRunner.java:368)
	at org.testng.SuiteRunner.runSequentially(SuiteRunner.java:363)
	at org.testng.SuiteRunner.privateRun(SuiteRunner.java:321)
	at org.testng.SuiteRunner.run(SuiteRunner.java:270)
	at org.testng.SuiteRunnerWorker.runSuite(SuiteRunnerWorker.java:52)
	at org.testng.SuiteRunnerWorker.run(SuiteRunnerWorker.java:86)
	at org.testng.TestNG.runSuitesSequentially(TestNG.java:1284)
	at org.testng.TestNG.runSuitesLocally(TestNG.java:1209)
	at org.testng.TestNG.runSuites(TestNG.java:1124)
	at org.testng.TestNG.run(TestNG.java:1096)
	at org.testng.remote.AbstractRemoteTestNG.run(AbstractRemoteTestNG.java:132)
	at org.testng.remote.RemoteTestNG.initAndRun(RemoteTestNG.java:236)
	at org.testng.remote.RemoteTestNG.main(RemoteTestNG.java:81)
]]>
            </full-stacktrace>
          </exception> <!-- java.lang.AssertionError -->
          <reporter-output>
          </reporter-output>
        </test-method> <!-- verifyLoginPageTitleTest -->
        <test-method status="PASS" signature="tearDown()[pri:0, instance:TestNGSession.LoginPageTest@28d25987]" name="tearDown" is-config="true" duration-ms="690" started-at="2020-05-23T01:12:18Z" finished-at="2020-05-23T01:12:19Z">
          <reporter-output>
          </reporter-output>
        </test-method> <!-- tearDown -->
        <test-method status="PASS" signature="setUp()[pri:0, instance:TestNGSession.LoginPageTest@28d25987]" name="setUp" is-config="true" duration-ms="4142" started-at="2020-05-23T01:12:19Z" finished-at="2020-05-23T01:12:23Z">
          <reporter-output>
          </reporter-output>
        </test-method> <!-- setUp -->
        <test-method status="PASS" signature="loginTest()[pri:3, instance:TestNGSession.LoginPageTest@28d25987]" name="loginTest" duration-ms="6617" started-at="2020-05-23T01:12:23Z" finished-at="2020-05-23T01:12:30Z">
          <reporter-output>
          </reporter-output>
        </test-method> <!-- loginTest -->
        <test-method status="PASS" signature="tearDown()[pri:0, instance:TestNGSession.LoginPageTest@28d25987]" name="tearDown" is-config="true" duration-ms="646" started-at="2020-05-23T01:12:30Z" finished-at="2020-05-23T01:12:30Z">
          <reporter-output>
          </reporter-output>
        </test-method> <!-- tearDown -->
      </class> <!-- TestNGSession.LoginPageTest -->
    </test> <!-- Hub Spot functional test -->
  </suite> <!-- My Hub Spot App Test automation regression suite -->
</testng-results>
