<?xml version="1.0" encoding="UTF-8"?>
<!-- Generated by org.testng.reporters.JUnitXMLReporter -->
<testsuite hostname="Anand" name="Hub Spot functional test" tests="4" failures="1" timestamp="22 May 2020 19:42:30 GMT" time="32.745" errors="0">
  <testcase name="verifySignUpLinkTest" time="5.405" classname="TestNGSession.LoginPageTest"/>
  <testcase name="verifyHomePageTitleTest" time="0.002" classname="TestNGSession.HomePageTest"/>
  <testcase name="verifyLoginPageTitleTest" time="0.021" classname="TestNGSession.LoginPageTest">
    <failure type="java.lang.AssertionError" message="expected [HubSpot Login] but found [Checking browser]">
      <![CDATA[java.lang.AssertionError: expected [HubSpot Login] but found [Checking browser]
	at TestNGSession.LoginPageTest.verifyLoginPageTitleTest(LoginPageTest.java:15)
... Removed 31 stack frames]]>
    </failure>
  </testcase> <!-- verifyLoginPageTitleTest -->
  <testcase name="loginTest" time="6.617" classname="TestNGSession.LoginPageTest"/>
</testsuite> <!-- Hub Spot functional test -->
